<?xml version="1.0" encoding="UTF-8"?>
<!-- Generated by org.testng.reporters.JUnitXMLReporter -->
<testsuite hostname="DESKTOP-ATE00BG" name="Test" tests="6" failures="0" timestamp="7 Nov 2021 13:56:46 GMT" time="147.335" errors="0">
  <testcase name="validateNHSCostChecker" time="24.529" classname="com.qa.testCase.WalesTest"/>
  <testcase name="validateNHSCostChecker" time="22.077" classname="com.qa.testCase.WalesTest"/>
  <testcase name="validateNHSCostChecker" time="21.649" classname="com.qa.testCase.WalesTest"/>
  <testcase name="validateNHSCostChecker" time="23.21" classname="com.qa.testCase.WalesTest"/>
  <testcase name="validateNHSCostChecker" time="24.655" classname="com.qa.testCase.WalesTest"/>
  <testcase name="validateNHSCostChecker" time="23.113" classname="com.qa.testCase.WalesTest"/>
</testsuite> <!-- Test -->
