<?xml version="1.0" encoding="UTF-8"?>
<!-- Generated by org.testng.reporters.JUnitXMLReporter -->
<testsuite hostname="DESKTOP-ATE00BG" name="Default test" tests="6" failures="0" timestamp="7 Nov 2021 14:02:31 GMT" time="143.691" errors="0">
  <testcase name="validateNHSCostChecker" time="22.59" classname="com.qa.testCase.WalesTest"/>
  <testcase name="validateNHSCostChecker" time="20.037" classname="com.qa.testCase.WalesTest"/>
  <testcase name="validateNHSCostChecker" time="22.452" classname="com.qa.testCase.WalesTest"/>
  <testcase name="validateNHSCostChecker" time="26.619" classname="com.qa.testCase.WalesTest"/>
  <testcase name="validateNHSCostChecker" time="23.278" classname="com.qa.testCase.WalesTest"/>
  <testcase name="validateNHSCostChecker" time="21.621" classname="com.qa.testCase.WalesTest"/>
</testsuite> <!-- Default test -->
